[2025-11-27 14:40:09] [INFO] === Auction Server Starting ===
[2025-11-27 14:40:09] [INFO] Session manager initialized
[2025-11-27 14:40:09] [INFO] Timer manager started
[2025-11-27 14:40:09] [INFO] Auction timer thread started
[2025-11-27 14:40:09] [ERROR] Failed to connect to database
[2025-11-27 15:15:03] [INFO] === Auction Server Starting ===
[2025-11-27 15:15:03] [INFO] Session manager initialized
[2025-11-27 15:15:03] [INFO] Timer manager started
[2025-11-27 15:15:03] [INFO] Auction timer thread started
[2025-11-27 15:15:03] [INFO] Database connected
[2025-11-27 15:15:03] [INFO] Server listening on port 5500
[2025-11-27 15:40:12] [INFO] Received signal 2, shutting down...
[2025-11-27 15:40:14] [INFO] === Auction Server Starting ===
[2025-11-27 15:40:14] [INFO] Session manager initialized
[2025-11-27 15:40:14] [INFO] Timer manager started
[2025-11-27 15:40:14] [INFO] Auction timer thread started
[2025-11-27 15:40:14] [INFO] Database connected
[2025-11-27 15:40:14] [INFO] Server listening on port 5500
[2025-11-27 15:45:45] [INFO] Received signal 2, shutting down...
[2025-11-27 15:45:49] [INFO] === Auction Server Starting ===
[2025-11-27 15:45:49] [INFO] Session manager initialized
[2025-11-27 15:45:49] [INFO] Timer manager started
[2025-11-27 15:45:49] [INFO] Auction timer thread started
[2025-11-27 15:45:49] [INFO] Database connected
[2025-11-27 15:45:49] [INFO] Server listening on port 5500
[2025-11-27 15:58:41] [INFO] Received signal 2, shutting down...
[2025-11-27 16:01:54] [INFO] === Auction Server Starting ===
[2025-11-27 16:01:54] [INFO] Session manager initialized
[2025-11-27 16:01:54] [INFO] Timer manager started
[2025-11-27 16:01:54] [INFO] Auction timer thread started
[2025-11-27 16:01:54] [ERROR] Failed to connect to database
[2025-11-27 16:03:27] [INFO] === Auction Server Starting ===
[2025-11-27 16:03:27] [INFO] Session manager initialized
[2025-11-27 16:03:27] [INFO] Timer manager started
[2025-11-27 16:03:27] [INFO] Auction timer thread started
[2025-11-27 16:03:27] [ERROR] Failed to connect to database
[2025-11-27 16:03:33] [INFO] === Auction Server Starting ===
[2025-11-27 16:03:33] [INFO] Session manager initialized
[2025-11-27 16:03:33] [INFO] Timer manager started
[2025-11-27 16:03:33] [INFO] Auction timer thread started
[2025-11-27 16:03:33] [ERROR] Failed to connect to database
[2025-11-27 16:04:20] [INFO] === Auction Server Starting ===
[2025-11-27 16:04:20] [INFO] Session manager initialized
[2025-11-27 16:04:20] [INFO] Timer manager started
[2025-11-27 16:04:20] [INFO] Auction timer thread started
[2025-11-27 16:04:20] [ERROR] Failed to connect to database
[2025-11-27 16:05:09] [INFO] === Auction Server Starting ===
[2025-11-27 16:05:09] [INFO] Session manager initialized
[2025-11-27 16:05:09] [INFO] Timer manager started
[2025-11-27 16:05:09] [INFO] Auction timer thread started
[2025-11-27 16:05:09] [ERROR] Failed to connect to database
[2025-11-27 16:06:57] [INFO] === Auction Server Starting ===
[2025-11-27 16:06:57] [INFO] Session manager initialized
[2025-11-27 16:06:57] [INFO] Timer manager started
[2025-11-27 16:06:57] [INFO] Auction timer thread started
[2025-11-27 16:06:57] [ERROR] Failed to connect to database
[2025-11-27 16:09:46] [INFO] === Auction Server Starting ===
[2025-11-27 16:09:46] [INFO] Session manager initialized
[2025-11-27 16:09:46] [INFO] Timer manager started
[2025-11-27 16:09:46] [INFO] Auction timer thread started
[2025-11-27 16:09:46] [ERROR] Failed to connect to database
[2025-11-27 16:10:59] [INFO] === Auction Server Starting ===
[2025-11-27 16:10:59] [INFO] Session manager initialized
[2025-11-27 16:10:59] [INFO] Timer manager started
[2025-11-27 16:10:59] [INFO] Auction timer thread started
[2025-11-27 16:10:59] [ERROR] Failed to connect to database
